<?xml version="1.0" encoding="UTF-8"?>
<coverage generated="1732823074271" clover="3.2.0">
  <project timestamp="1732823074271" name="All files">
    <metrics statements="98" coveredstatements="70" conditionals="56" coveredconditionals="42" methods="30" coveredmethods="18" elements="184" coveredelements="130" complexity="0" loc="98" ncloc="98" packages="1" files="6" classes="6"/>
    <file name="battleships.js" path="/Users/nicpeterson/repos/js-battleship/src/battleships.js">
      <metrics statements="1" coveredstatements="1" conditionals="0" coveredconditionals="0" methods="0" coveredmethods="0"/>
      <line num="1" count="1" type="stmt"/>
    </file>
    <file name="cell.js" path="/Users/nicpeterson/repos/js-battleship/src/cell.js">
      <metrics statements="1" coveredstatements="1" conditionals="0" coveredconditionals="0" methods="1" coveredmethods="1"/>
      <line num="4" count="1600" type="stmt"/>
    </file>
    <file name="constants.js" path="/Users/nicpeterson/repos/js-battleship/src/constants.js">
      <metrics statements="4" coveredstatements="4" conditionals="0" coveredconditionals="0" methods="0" coveredmethods="0"/>
      <line num="2" count="1" type="stmt"/>
      <line num="9" count="1" type="stmt"/>
      <line num="14" count="1" type="stmt"/>
      <line num="16" count="1" type="stmt"/>
    </file>
    <file name="gameboard.js" path="/Users/nicpeterson/repos/js-battleship/src/gameboard.js">
      <metrics statements="64" coveredstatements="37" conditionals="36" coveredconditionals="24" methods="18" coveredmethods="6"/>
      <line num="6" count="1" type="stmt"/>
      <line num="8" count="16" type="stmt"/>
      <line num="9" count="1600" type="stmt"/>
      <line num="12" count="16" type="stmt"/>
      <line num="14" count="16" type="stmt"/>
      <line num="16" count="16" type="stmt"/>
      <line num="17" count="2" type="stmt"/>
      <line num="18" count="2" type="stmt"/>
      <line num="23" count="2" type="cond" truecount="1" falsecount="1"/>
      <line num="24" count="0" type="stmt"/>
      <line num="27" count="2" type="cond" truecount="5" falsecount="1"/>
      <line num="28" count="0" type="stmt"/>
      <line num="32" count="2" type="cond" truecount="3" falsecount="1"/>
      <line num="33" count="0" type="stmt"/>
      <line num="35" count="2" type="cond" truecount="3" falsecount="1"/>
      <line num="36" count="0" type="stmt"/>
      <line num="40" count="2" type="stmt"/>
      <line num="41" count="4" type="cond" truecount="2" falsecount="0"/>
      <line num="42" count="4" type="cond" truecount="2" falsecount="0"/>
      <line num="44" count="4" type="cond" truecount="1" falsecount="1"/>
      <line num="45" count="0" type="stmt"/>
      <line num="50" count="2" type="stmt"/>
      <line num="51" count="4" type="cond" truecount="2" falsecount="0"/>
      <line num="52" count="4" type="cond" truecount="2" falsecount="0"/>
      <line num="54" count="4" type="stmt"/>
      <line num="55" count="4" type="stmt"/>
      <line num="58" count="2" type="stmt"/>
      <line num="61" count="16" type="stmt"/>
      <line num="62" count="4" type="stmt"/>
      <line num="64" count="4" type="cond" truecount="1" falsecount="1"/>
      <line num="65" count="0" type="stmt"/>
      <line num="68" count="4" type="stmt"/>
      <line num="70" count="4" type="cond" truecount="2" falsecount="0"/>
      <line num="71" count="2" type="stmt"/>
      <line num="72" count="2" type="stmt"/>
      <line num="73" count="2" type="stmt"/>
      <line num="75" count="2" type="stmt"/>
      <line num="76" count="2" type="stmt"/>
      <line num="80" count="16" type="stmt"/>
      <line num="81" count="0" type="stmt"/>
      <line num="82" count="0" type="stmt"/>
      <line num="83" count="0" type="stmt"/>
      <line num="84" count="0" type="cond" truecount="0" falsecount="2"/>
      <line num="85" count="0" type="stmt"/>
      <line num="89" count="0" type="stmt"/>
      <line num="92" count="16" type="stmt"/>
      <line num="93" count="0" type="stmt"/>
      <line num="94" count="0" type="stmt"/>
      <line num="95" count="0" type="stmt"/>
      <line num="96" count="0" type="cond" truecount="0" falsecount="2"/>
      <line num="97" count="0" type="stmt"/>
      <line num="101" count="0" type="stmt"/>
      <line num="104" count="16" type="stmt"/>
      <line num="105" count="0" type="stmt"/>
      <line num="108" count="16" type="stmt"/>
      <line num="110" count="0" type="stmt"/>
      <line num="111" count="0" type="stmt"/>
      <line num="115" count="0" type="stmt"/>
      <line num="116" count="0" type="stmt"/>
      <line num="117" count="0" type="stmt"/>
      <line num="118" count="0" type="cond" truecount="0" falsecount="2"/>
      <line num="119" count="0" type="stmt"/>
      <line num="124" count="0" type="stmt"/>
      <line num="127" count="16" type="stmt"/>
    </file>
    <file name="player.js" path="/Users/nicpeterson/repos/js-battleship/src/player.js">
      <metrics statements="18" coveredstatements="18" conditionals="14" coveredconditionals="14" methods="6" coveredmethods="6"/>
      <line num="3" count="1" type="stmt"/>
      <line num="4" count="8" type="stmt"/>
      <line num="6" count="7" type="cond" truecount="2" falsecount="0"/>
      <line num="14" count="2" type="stmt"/>
      <line num="17" count="5" type="stmt"/>
      <line num="19" count="5" type="cond" truecount="2" falsecount="0"/>
      <line num="23" count="1" type="stmt"/>
      <line num="26" count="4" type="stmt"/>
      <line num="28" count="4" type="stmt"/>
      <line num="31" count="8" type="stmt"/>
      <line num="33" count="8" type="stmt"/>
      <line num="35" count="8" type="stmt"/>
      <line num="37" count="8" type="stmt"/>
      <line num="40" count="1" type="stmt"/>
      <line num="41" count="1" type="stmt"/>
      <line num="42" count="1" type="stmt"/>
      <line num="48" count="1" type="stmt"/>
      <line num="51" count="8" type="stmt"/>
    </file>
    <file name="ship.js" path="/Users/nicpeterson/repos/js-battleship/src/ship.js">
      <metrics statements="10" coveredstatements="9" conditionals="6" coveredconditionals="4" methods="5" coveredmethods="5"/>
      <line num="1" count="1" type="stmt"/>
      <line num="2" count="2" type="cond" truecount="3" falsecount="1"/>
      <line num="3" count="0" type="stmt"/>
      <line num="6" count="2" type="stmt"/>
      <line num="8" count="2" type="stmt"/>
      <line num="9" count="2" type="cond" truecount="1" falsecount="1"/>
      <line num="12" count="2" type="stmt"/>
      <line num="14" count="2" type="stmt"/>
      <line num="16" count="2" type="stmt"/>
      <line num="18" count="2" type="stmt"/>
    </file>
  </project>
</coverage>
