<?xml version="1.0" encoding="UTF-8"?>
<coverage generated="1708092717924" clover="3.2.0">
  <project timestamp="1708092717924" name="All files">
    <metrics statements="85" coveredstatements="80" conditionals="28" coveredconditionals="27" methods="29" coveredmethods="27" elements="142" coveredelements="134" complexity="0" loc="85" ncloc="85" packages="1" files="3" classes="3"/>
    <file name="gameboard.js" path="/Users/nicpeterson/repos/js-battleship/src/gameboard.js">
      <metrics statements="59" coveredstatements="59" conditionals="26" coveredconditionals="25" methods="16" coveredmethods="15"/>
      <line num="1" count="2" type="stmt"/>
      <line num="2" count="26" type="stmt"/>
      <line num="3" count="26" type="stmt"/>
      <line num="5" count="260" type="stmt"/>
      <line num="6" count="26" type="stmt"/>
      <line num="7" count="26" type="stmt"/>
      <line num="8" count="26" type="stmt"/>
      <line num="9" count="26" type="stmt"/>
      <line num="11" count="26" type="stmt"/>
      <line num="16" count="12" type="stmt"/>
      <line num="17" count="12" type="stmt"/>
      <line num="18" count="12" type="stmt"/>
      <line num="20" count="12" type="cond" truecount="2" falsecount="0"/>
      <line num="21" count="10" type="stmt"/>
      <line num="22" count="30" type="stmt"/>
      <line num="24" count="2" type="cond" truecount="1" falsecount="1"/>
      <line num="25" count="2" type="stmt"/>
      <line num="26" count="6" type="stmt"/>
      <line num="31" count="12" type="cond" truecount="2" falsecount="0"/>
      <line num="33" count="36" type="stmt"/>
      <line num="34" count="36" type="cond" truecount="4" falsecount="0"/>
      <line num="37" count="2" type="stmt"/>
      <line num="43" count="28" type="cond" truecount="2" falsecount="0"/>
      <line num="44" count="1" type="stmt"/>
      <line num="48" count="27" type="stmt"/>
      <line num="51" count="9" type="stmt"/>
      <line num="52" count="27" type="stmt"/>
      <line num="53" count="27" type="stmt"/>
      <line num="57" count="26" type="stmt"/>
      <line num="66" count="26" type="stmt"/>
      <line num="67" count="12" type="stmt"/>
      <line num="69" count="12" type="cond" truecount="6" falsecount="0"/>
      <line num="70" count="2" type="stmt"/>
      <line num="73" count="10" type="cond" truecount="2" falsecount="0"/>
      <line num="74" count="1" type="stmt"/>
      <line num="77" count="9" type="stmt"/>
      <line num="78" count="9" type="cond" truecount="2" falsecount="0"/>
      <line num="79" count="5" type="stmt"/>
      <line num="92" count="4" type="stmt"/>
      <line num="101" count="9" type="stmt"/>
      <line num="104" count="26" type="stmt"/>
      <line num="105" count="1" type="stmt"/>
      <line num="108" count="26" type="stmt"/>
      <line num="110" count="26" type="stmt"/>
      <line num="112" count="26" type="stmt"/>
      <line num="114" count="26" type="stmt"/>
      <line num="115" count="2" type="stmt"/>
      <line num="116" count="11" type="stmt"/>
      <line num="117" count="101" type="cond" truecount="2" falsecount="0"/>
      <line num="118" count="1" type="stmt"/>
      <line num="122" count="1" type="stmt"/>
      <line num="125" count="26" type="stmt"/>
      <line num="126" count="1" type="stmt"/>
      <line num="127" count="1" type="stmt"/>
      <line num="128" count="10" type="stmt"/>
      <line num="129" count="100" type="cond" truecount="2" falsecount="0"/>
      <line num="131" count="10" type="stmt"/>
      <line num="133" count="1" type="stmt"/>
      <line num="136" count="26" type="stmt"/>
    </file>
    <file name="player.js" path="/Users/nicpeterson/repos/js-battleship/src/player.js">
      <metrics statements="16" coveredstatements="11" conditionals="2" coveredconditionals="2" methods="6" coveredmethods="5"/>
      <line num="1" count="1" type="stmt"/>
      <line num="2" count="7" type="stmt"/>
      <line num="4" count="7" type="stmt"/>
      <line num="5" count="4" type="cond" truecount="2" falsecount="0"/>
      <line num="6" count="3" type="stmt"/>
      <line num="7" count="3" type="stmt"/>
      <line num="9" count="1" type="stmt"/>
      <line num="13" count="7" type="stmt"/>
      <line num="15" count="7" type="stmt"/>
      <line num="17" count="7" type="stmt"/>
      <line num="21" count="0" type="stmt"/>
      <line num="23" count="0" type="stmt"/>
      <line num="24" count="0" type="stmt"/>
      <line num="25" count="0" type="stmt"/>
      <line num="27" count="0" type="stmt"/>
      <line num="30" count="7" type="stmt"/>
    </file>
    <file name="ship.js" path="/Users/nicpeterson/repos/js-battleship/src/ship.js">
      <metrics statements="10" coveredstatements="10" conditionals="0" coveredconditionals="0" methods="7" coveredmethods="7"/>
      <line num="1" count="3" type="stmt"/>
      <line num="2" count="18" type="stmt"/>
      <line num="4" count="18" type="stmt"/>
      <line num="5" count="11" type="stmt"/>
      <line num="8" count="18" type="stmt"/>
      <line num="10" count="18" type="stmt"/>
      <line num="12" count="18" type="stmt"/>
      <line num="14" count="18" type="stmt"/>
      <line num="16" count="18" type="stmt"/>
      <line num="18" count="18" type="stmt"/>
    </file>
  </project>
</coverage>
