{"/Users/nicpeterson/repos/js-battleship/src/battleships.js": {"path":"/Users/nicpeterson/repos/js-battleship/src/battleships.js","statementMap":{"0":{"start":{"line":1,"column":20},"end":{"line":7,"column":1}},"1":{"start":{"line":9,"column":0},"end":{"line":9,"column":29}}},"fnMap":{},"branchMap":{},"s":{"0":1,"1":1},"f":{},"b":{},"_coverageSchema":"1a1c01bbd47fc00a2c39e90264f33305004495a9","hash":"9ca35960b418f5d4b1792215b7459414f3603cbd"}
,"/Users/nicpeterson/repos/js-battleship/src/cell.js": {"path":"/Users/nicpeterson/repos/js-battleship/src/cell.js","statementMap":{"0":{"start":{"line":4,"column":26},"end":{"line":8,"column":2}},"1":{"start":{"line":4,"column":33},"end":{"line":8,"column":1}}},"fnMap":{"0":{"name":"(anonymous_0)","decl":{"start":{"line":4,"column":26},"end":{"line":4,"column":27}},"loc":{"start":{"line":4,"column":33},"end":{"line":8,"column":1}},"line":4}},"branchMap":{},"s":{"0":1,"1":1700},"f":{"0":1700},"b":{},"_coverageSchema":"1a1c01bbd47fc00a2c39e90264f33305004495a9","hash":"a9006c0a049b41cbbf770619c703157e43f91971"}
,"/Users/nicpeterson/repos/js-battleship/src/constants.js": {"path":"/Users/nicpeterson/repos/js-battleship/src/constants.js","statementMap":{"0":{"start":{"line":2,"column":26},"end":{"line":7,"column":1}}},"fnMap":{},"branchMap":{},"s":{"0":1},"f":{},"b":{},"_coverageSchema":"1a1c01bbd47fc00a2c39e90264f33305004495a9","hash":"4d79709ff9cf39a2e903f16c168fde7d42058507"}
,"/Users/nicpeterson/repos/js-battleship/src/gameboard.js": {"path":"/Users/nicpeterson/repos/js-battleship/src/gameboard.js","statementMap":{"0":{"start":{"line":5,"column":19},"end":{"line":5,"column":31}},"1":{"start":{"line":6,"column":17},"end":{"line":6,"column":27}},"2":{"start":{"line":7,"column":19},"end":{"line":7,"column":21}},"3":{"start":{"line":9,"column":25},"end":{"line":9,"column":64}},"4":{"start":{"line":9,"column":36},"end":{"line":9,"column":64}},"5":{"start":{"line":11,"column":31},"end":{"line":129,"column":1}},"6":{"start":{"line":12,"column":15},"end":{"line":12,"column":25}},"7":{"start":{"line":13,"column":16},"end":{"line":15,"column":3}},"8":{"start":{"line":14,"column":4},"end":{"line":14,"column":52}},"9":{"start":{"line":14,"column":39},"end":{"line":14,"column":51}},"10":{"start":{"line":17,"column":16},"end":{"line":17,"column":18}},"11":{"start":{"line":19,"column":19},"end":{"line":19,"column":30}},"12":{"start":{"line":19,"column":25},"end":{"line":19,"column":30}},"13":{"start":{"line":21,"column":20},"end":{"line":52,"column":3}},"14":{"start":{"line":22,"column":19},"end":{"line":22,"column":35}},"15":{"start":{"line":25,"column":4},"end":{"line":27,"column":5}},"16":{"start":{"line":26,"column":6},"end":{"line":26,"column":71}},"17":{"start":{"line":28,"column":4},"end":{"line":30,"column":5}},"18":{"start":{"line":29,"column":6},"end":{"line":29,"column":69}},"19":{"start":{"line":33,"column":4},"end":{"line":40,"column":5}},"20":{"start":{"line":33,"column":17},"end":{"line":33,"column":18}},"21":{"start":{"line":34,"column":19},"end":{"line":34,"column":57}},"22":{"start":{"line":35,"column":19},"end":{"line":35,"column":55}},"23":{"start":{"line":37,"column":6},"end":{"line":39,"column":7}},"24":{"start":{"line":38,"column":8},"end":{"line":38,"column":76}},"25":{"start":{"line":43,"column":4},"end":{"line":49,"column":5}},"26":{"start":{"line":43,"column":17},"end":{"line":43,"column":18}},"27":{"start":{"line":44,"column":19},"end":{"line":44,"column":57}},"28":{"start":{"line":45,"column":19},"end":{"line":45,"column":55}},"29":{"start":{"line":47,"column":6},"end":{"line":47,"column":36}},"30":{"start":{"line":48,"column":6},"end":{"line":48,"column":40}},"31":{"start":{"line":51,"column":4},"end":{"line":51,"column":21}},"32":{"start":{"line":54,"column":24},"end":{"line":71,"column":3}},"33":{"start":{"line":55,"column":17},"end":{"line":55,"column":28}},"34":{"start":{"line":57,"column":4},"end":{"line":59,"column":5}},"35":{"start":{"line":58,"column":6},"end":{"line":58,"column":61}},"36":{"start":{"line":61,"column":4},"end":{"line":61,"column":22}},"37":{"start":{"line":63,"column":4},"end":{"line":70,"column":5}},"38":{"start":{"line":64,"column":6},"end":{"line":64,"column":22}},"39":{"start":{"line":65,"column":6},"end":{"line":65,"column":26}},"40":{"start":{"line":66,"column":6},"end":{"line":66,"column":61}},"41":{"start":{"line":68,"column":6},"end":{"line":68,"column":27}},"42":{"start":{"line":69,"column":6},"end":{"line":69,"column":32}},"43":{"start":{"line":73,"column":25},"end":{"line":83,"column":3}},"44":{"start":{"line":74,"column":19},"end":{"line":74,"column":21}},"45":{"start":{"line":75,"column":4},"end":{"line":81,"column":7}},"46":{"start":{"line":76,"column":6},"end":{"line":80,"column":9}},"47":{"start":{"line":77,"column":8},"end":{"line":79,"column":9}},"48":{"start":{"line":78,"column":10},"end":{"line":78,"column":32}},"49":{"start":{"line":82,"column":4},"end":{"line":82,"column":18}},"50":{"start":{"line":85,"column":18},"end":{"line":95,"column":3}},"51":{"start":{"line":86,"column":17},"end":{"line":86,"column":19}},"52":{"start":{"line":87,"column":4},"end":{"line":93,"column":7}},"53":{"start":{"line":88,"column":6},"end":{"line":92,"column":9}},"54":{"start":{"line":89,"column":8},"end":{"line":91,"column":9}},"55":{"start":{"line":90,"column":10},"end":{"line":90,"column":30}},"56":{"start":{"line":94,"column":4},"end":{"line":94,"column":16}},"57":{"start":{"line":97,"column":26},"end":{"line":99,"column":3}},"58":{"start":{"line":98,"column":4},"end":{"line":98,"column":48}},"59":{"start":{"line":98,"column":33},"end":{"line":98,"column":46}},"60":{"start":{"line":101,"column":25},"end":{"line":118,"column":3}},"61":{"start":{"line":103,"column":26},"end":{"line":106,"column":5}},"62":{"start":{"line":104,"column":23},"end":{"line":104,"column":42}},"63":{"start":{"line":108,"column":22},"end":{"line":108,"column":23}},"64":{"start":{"line":109,"column":4},"end":{"line":115,"column":7}},"65":{"start":{"line":110,"column":6},"end":{"line":114,"column":9}},"66":{"start":{"line":111,"column":8},"end":{"line":113,"column":9}},"67":{"start":{"line":112,"column":10},"end":{"line":112,"column":24}},"68":{"start":{"line":117,"column":4},"end":{"line":117,"column":77}},"69":{"start":{"line":120,"column":2},"end":{"line":128,"column":4}}},"fnMap":{"0":{"name":"(anonymous_0)","decl":{"start":{"line":9,"column":25},"end":{"line":9,"column":26}},"loc":{"start":{"line":9,"column":36},"end":{"line":9,"column":64}},"line":9},"1":{"name":"(anonymous_1)","decl":{"start":{"line":11,"column":31},"end":{"line":11,"column":32}},"loc":{"start":{"line":11,"column":37},"end":{"line":129,"column":1}},"line":11},"2":{"name":"(anonymous_2)","decl":{"start":{"line":13,"column":45},"end":{"line":13,"column":46}},"loc":{"start":{"line":14,"column":4},"end":{"line":14,"column":52}},"line":14},"3":{"name":"(anonymous_3)","decl":{"start":{"line":14,"column":33},"end":{"line":14,"column":34}},"loc":{"start":{"line":14,"column":39},"end":{"line":14,"column":51}},"line":14},"4":{"name":"(anonymous_4)","decl":{"start":{"line":19,"column":19},"end":{"line":19,"column":20}},"loc":{"start":{"line":19,"column":25},"end":{"line":19,"column":30}},"line":19},"5":{"name":"(anonymous_5)","decl":{"start":{"line":21,"column":20},"end":{"line":21,"column":21}},"loc":{"start":{"line":21,"column":49},"end":{"line":52,"column":3}},"line":21},"6":{"name":"(anonymous_6)","decl":{"start":{"line":54,"column":24},"end":{"line":54,"column":25}},"loc":{"start":{"line":54,"column":34},"end":{"line":71,"column":3}},"line":54},"7":{"name":"(anonymous_7)","decl":{"start":{"line":73,"column":25},"end":{"line":73,"column":26}},"loc":{"start":{"line":73,"column":31},"end":{"line":83,"column":3}},"line":73},"8":{"name":"(anonymous_8)","decl":{"start":{"line":75,"column":18},"end":{"line":75,"column":19}},"loc":{"start":{"line":75,"column":30},"end":{"line":81,"column":5}},"line":75},"9":{"name":"(anonymous_9)","decl":{"start":{"line":76,"column":18},"end":{"line":76,"column":19}},"loc":{"start":{"line":76,"column":31},"end":{"line":80,"column":7}},"line":76},"10":{"name":"(anonymous_10)","decl":{"start":{"line":85,"column":18},"end":{"line":85,"column":19}},"loc":{"start":{"line":85,"column":24},"end":{"line":95,"column":3}},"line":85},"11":{"name":"(anonymous_11)","decl":{"start":{"line":87,"column":18},"end":{"line":87,"column":19}},"loc":{"start":{"line":87,"column":30},"end":{"line":93,"column":5}},"line":87},"12":{"name":"(anonymous_12)","decl":{"start":{"line":88,"column":18},"end":{"line":88,"column":19}},"loc":{"start":{"line":88,"column":31},"end":{"line":92,"column":7}},"line":88},"13":{"name":"(anonymous_13)","decl":{"start":{"line":97,"column":26},"end":{"line":97,"column":27}},"loc":{"start":{"line":97,"column":32},"end":{"line":99,"column":3}},"line":97},"14":{"name":"(anonymous_14)","decl":{"start":{"line":98,"column":23},"end":{"line":98,"column":24}},"loc":{"start":{"line":98,"column":33},"end":{"line":98,"column":46}},"line":98},"15":{"name":"(anonymous_15)","decl":{"start":{"line":101,"column":25},"end":{"line":101,"column":26}},"loc":{"start":{"line":101,"column":31},"end":{"line":118,"column":3}},"line":101},"16":{"name":"(anonymous_16)","decl":{"start":{"line":104,"column":6},"end":{"line":104,"column":7}},"loc":{"start":{"line":104,"column":23},"end":{"line":104,"column":42}},"line":104},"17":{"name":"(anonymous_17)","decl":{"start":{"line":109,"column":18},"end":{"line":109,"column":19}},"loc":{"start":{"line":109,"column":27},"end":{"line":115,"column":5}},"line":109},"18":{"name":"(anonymous_18)","decl":{"start":{"line":110,"column":18},"end":{"line":110,"column":19}},"loc":{"start":{"line":110,"column":28},"end":{"line":114,"column":7}},"line":110}},"branchMap":{"0":{"loc":{"start":{"line":25,"column":4},"end":{"line":27,"column":5}},"type":"if","locations":[{"start":{"line":25,"column":4},"end":{"line":27,"column":5}},{"start":{},"end":{}}],"line":25},"1":{"loc":{"start":{"line":25,"column":8},"end":{"line":25,"column":55}},"type":"binary-expr","locations":[{"start":{"line":25,"column":8},"end":{"line":25,"column":34}},{"start":{"line":25,"column":38},"end":{"line":25,"column":55}}],"line":25},"2":{"loc":{"start":{"line":28,"column":4},"end":{"line":30,"column":5}},"type":"if","locations":[{"start":{"line":28,"column":4},"end":{"line":30,"column":5}},{"start":{},"end":{}}],"line":28},"3":{"loc":{"start":{"line":28,"column":8},"end":{"line":28,"column":53}},"type":"binary-expr","locations":[{"start":{"line":28,"column":8},"end":{"line":28,"column":32}},{"start":{"line":28,"column":36},"end":{"line":28,"column":53}}],"line":28},"4":{"loc":{"start":{"line":34,"column":19},"end":{"line":34,"column":57}},"type":"cond-expr","locations":[{"start":{"line":34,"column":48},"end":{"line":34,"column":53}},{"start":{"line":34,"column":56},"end":{"line":34,"column":57}}],"line":34},"5":{"loc":{"start":{"line":35,"column":19},"end":{"line":35,"column":55}},"type":"cond-expr","locations":[{"start":{"line":35,"column":46},"end":{"line":35,"column":51}},{"start":{"line":35,"column":54},"end":{"line":35,"column":55}}],"line":35},"6":{"loc":{"start":{"line":37,"column":6},"end":{"line":39,"column":7}},"type":"if","locations":[{"start":{"line":37,"column":6},"end":{"line":39,"column":7}},{"start":{},"end":{}}],"line":37},"7":{"loc":{"start":{"line":44,"column":19},"end":{"line":44,"column":57}},"type":"cond-expr","locations":[{"start":{"line":44,"column":48},"end":{"line":44,"column":53}},{"start":{"line":44,"column":56},"end":{"line":44,"column":57}}],"line":44},"8":{"loc":{"start":{"line":45,"column":19},"end":{"line":45,"column":55}},"type":"cond-expr","locations":[{"start":{"line":45,"column":46},"end":{"line":45,"column":51}},{"start":{"line":45,"column":54},"end":{"line":45,"column":55}}],"line":45},"9":{"loc":{"start":{"line":57,"column":4},"end":{"line":59,"column":5}},"type":"if","locations":[{"start":{"line":57,"column":4},"end":{"line":59,"column":5}},{"start":{},"end":{}}],"line":57},"10":{"loc":{"start":{"line":63,"column":4},"end":{"line":70,"column":5}},"type":"if","locations":[{"start":{"line":63,"column":4},"end":{"line":70,"column":5}},{"start":{"line":67,"column":11},"end":{"line":70,"column":5}}],"line":63},"11":{"loc":{"start":{"line":77,"column":8},"end":{"line":79,"column":9}},"type":"if","locations":[{"start":{"line":77,"column":8},"end":{"line":79,"column":9}},{"start":{},"end":{}}],"line":77},"12":{"loc":{"start":{"line":89,"column":8},"end":{"line":91,"column":9}},"type":"if","locations":[{"start":{"line":89,"column":8},"end":{"line":91,"column":9}},{"start":{},"end":{}}],"line":89},"13":{"loc":{"start":{"line":111,"column":8},"end":{"line":113,"column":9}},"type":"if","locations":[{"start":{"line":111,"column":8},"end":{"line":113,"column":9}},{"start":{},"end":{}}],"line":111}},"s":{"0":1,"1":1,"2":1,"3":1,"4":0,"5":1,"6":17,"7":17,"8":170,"9":1700,"10":17,"11":17,"12":7,"13":17,"14":19,"15":19,"16":1,"17":18,"18":1,"19":17,"20":17,"21":45,"22":45,"23":45,"24":1,"25":16,"26":16,"27":44,"28":44,"29":44,"30":44,"31":16,"32":17,"33":19,"34":19,"35":1,"36":18,"37":18,"38":14,"39":14,"40":14,"41":4,"42":4,"43":17,"44":2,"45":2,"46":20,"47":200,"48":3,"49":2,"50":17,"51":1,"52":1,"53":10,"54":100,"55":2,"56":1,"57":17,"58":2,"59":4,"60":17,"61":2,"62":10,"63":2,"64":2,"65":20,"66":200,"67":19,"68":2,"69":17},"f":{"0":0,"1":17,"2":170,"3":1700,"4":7,"5":19,"6":19,"7":2,"8":20,"9":200,"10":1,"11":10,"12":100,"13":2,"14":4,"15":2,"16":10,"17":20,"18":200},"b":{"0":[1,18],"1":[19,12],"2":[1,17],"3":[18,7],"4":[28,17],"5":[17,28],"6":[1,44],"7":[28,16],"8":[16,28],"9":[1,18],"10":[14,4],"11":[3,197],"12":[2,98],"13":[19,181]},"_coverageSchema":"1a1c01bbd47fc00a2c39e90264f33305004495a9","hash":"95c9b4af85f208279a78b1665bf6b4430dc519e0"}
,"/Users/nicpeterson/repos/js-battleship/src/helper.js": {"path":"/Users/nicpeterson/repos/js-battleship/src/helper.js","statementMap":{},"fnMap":{},"branchMap":{},"s":{},"f":{},"b":{},"_coverageSchema":"1a1c01bbd47fc00a2c39e90264f33305004495a9","hash":"071f1552084ce403e97fc1ef46d6ff3bb8044200"}
,"/Users/nicpeterson/repos/js-battleship/src/ship.js": {"path":"/Users/nicpeterson/repos/js-battleship/src/ship.js","statementMap":{"0":{"start":{"line":1,"column":26},"end":{"line":24,"column":1}},"1":{"start":{"line":2,"column":2},"end":{"line":4,"column":3}},"2":{"start":{"line":3,"column":4},"end":{"line":3,"column":58}},"3":{"start":{"line":6,"column":13},"end":{"line":6,"column":14}},"4":{"start":{"line":8,"column":14},"end":{"line":10,"column":3}},"5":{"start":{"line":9,"column":4},"end":{"line":9,"column":33}},"6":{"start":{"line":9,"column":23},"end":{"line":9,"column":33}},"7":{"start":{"line":12,"column":18},"end":{"line":12,"column":28}},"8":{"start":{"line":12,"column":24},"end":{"line":12,"column":28}},"9":{"start":{"line":14,"column":20},"end":{"line":14,"column":32}},"10":{"start":{"line":14,"column":26},"end":{"line":14,"column":32}},"11":{"start":{"line":16,"column":17},"end":{"line":16,"column":37}},"12":{"start":{"line":16,"column":23},"end":{"line":16,"column":37}},"13":{"start":{"line":18,"column":2},"end":{"line":23,"column":4}}},"fnMap":{"0":{"name":"(anonymous_0)","decl":{"start":{"line":1,"column":26},"end":{"line":1,"column":27}},"loc":{"start":{"line":1,"column":38},"end":{"line":24,"column":1}},"line":1},"1":{"name":"(anonymous_1)","decl":{"start":{"line":8,"column":14},"end":{"line":8,"column":15}},"loc":{"start":{"line":8,"column":20},"end":{"line":10,"column":3}},"line":8},"2":{"name":"(anonymous_2)","decl":{"start":{"line":12,"column":18},"end":{"line":12,"column":19}},"loc":{"start":{"line":12,"column":24},"end":{"line":12,"column":28}},"line":12},"3":{"name":"(anonymous_3)","decl":{"start":{"line":14,"column":20},"end":{"line":14,"column":21}},"loc":{"start":{"line":14,"column":26},"end":{"line":14,"column":32}},"line":14},"4":{"name":"(anonymous_4)","decl":{"start":{"line":16,"column":17},"end":{"line":16,"column":18}},"loc":{"start":{"line":16,"column":23},"end":{"line":16,"column":37}},"line":16}},"branchMap":{"0":{"loc":{"start":{"line":2,"column":2},"end":{"line":4,"column":3}},"type":"if","locations":[{"start":{"line":2,"column":2},"end":{"line":4,"column":3}},{"start":{},"end":{}}],"line":2},"1":{"loc":{"start":{"line":2,"column":6},"end":{"line":2,"column":46}},"type":"binary-expr","locations":[{"start":{"line":2,"column":6},"end":{"line":2,"column":31}},{"start":{"line":2,"column":35},"end":{"line":2,"column":46}}],"line":2},"2":{"loc":{"start":{"line":9,"column":4},"end":{"line":9,"column":33}},"type":"if","locations":[{"start":{"line":9,"column":4},"end":{"line":9,"column":33}},{"start":{},"end":{}}],"line":9}},"s":{"0":1,"1":19,"2":0,"3":19,"4":19,"5":14,"6":14,"7":19,"8":1,"9":19,"10":19,"11":19,"12":19,"13":19},"f":{"0":19,"1":14,"2":1,"3":19,"4":19},"b":{"0":[0,19],"1":[19,19],"2":[14,0]},"_coverageSchema":"1a1c01bbd47fc00a2c39e90264f33305004495a9","hash":"8b0d07b16bd8bec29508b76cae53b14e78afed3f"}
}
