{"/Users/nicpeterson/repos/js-battleship/src/components/gameboard.js": {"path":"/Users/nicpeterson/repos/js-battleship/src/components/gameboard.js","statementMap":{"0":{"start":{"line":24,"column":25},"end":{"line":288,"column":1}},"1":{"start":{"line":25,"column":16},"end":{"line":27,"column":3}},"2":{"start":{"line":26,"column":4},"end":{"line":26,"column":57}},"3":{"start":{"line":26,"column":44},"end":{"line":26,"column":56}},"4":{"start":{"line":29,"column":22},"end":{"line":29,"column":24}},"5":{"start":{"line":31,"column":15},"end":{"line":31,"column":17}},"6":{"start":{"line":33,"column":17},"end":{"line":33,"column":19}},"7":{"start":{"line":35,"column":19},"end":{"line":35,"column":30}},"8":{"start":{"line":35,"column":25},"end":{"line":35,"column":30}},"9":{"start":{"line":37,"column":18},"end":{"line":37,"column":33}},"10":{"start":{"line":37,"column":24},"end":{"line":37,"column":33}},"11":{"start":{"line":39,"column":19},"end":{"line":39,"column":30}},"12":{"start":{"line":39,"column":25},"end":{"line":39,"column":30}},"13":{"start":{"line":51,"column":20},"end":{"line":56,"column":3}},"14":{"start":{"line":52,"column":4},"end":{"line":52,"column":51}},"15":{"start":{"line":53,"column":4},"end":{"line":53,"column":46}},"16":{"start":{"line":54,"column":4},"end":{"line":54,"column":42}},"17":{"start":{"line":55,"column":4},"end":{"line":55,"column":46}},"18":{"start":{"line":69,"column":32},"end":{"line":93,"column":3}},"19":{"start":{"line":70,"column":4},"end":{"line":72,"column":5}},"20":{"start":{"line":71,"column":6},"end":{"line":71,"column":51}},"21":{"start":{"line":74,"column":32},"end":{"line":77,"column":5}},"22":{"start":{"line":79,"column":4},"end":{"line":81,"column":5}},"23":{"start":{"line":80,"column":6},"end":{"line":80,"column":58}},"24":{"start":{"line":83,"column":4},"end":{"line":92,"column":5}},"25":{"start":{"line":91,"column":6},"end":{"line":91,"column":58}},"26":{"start":{"line":104,"column":27},"end":{"line":113,"column":3}},"27":{"start":{"line":105,"column":23},"end":{"line":105,"column":39}},"28":{"start":{"line":107,"column":4},"end":{"line":109,"column":5}},"29":{"start":{"line":108,"column":6},"end":{"line":108,"column":63}},"30":{"start":{"line":110,"column":4},"end":{"line":112,"column":5}},"31":{"start":{"line":111,"column":6},"end":{"line":111,"column":61}},"32":{"start":{"line":125,"column":23},"end":{"line":136,"column":3}},"33":{"start":{"line":126,"column":23},"end":{"line":126,"column":39}},"34":{"start":{"line":128,"column":4},"end":{"line":135,"column":5}},"35":{"start":{"line":128,"column":17},"end":{"line":128,"column":18}},"36":{"start":{"line":129,"column":19},"end":{"line":129,"column":70}},"37":{"start":{"line":130,"column":19},"end":{"line":130,"column":68}},"38":{"start":{"line":132,"column":6},"end":{"line":134,"column":7}},"39":{"start":{"line":133,"column":8},"end":{"line":133,"column":57}},"40":{"start":{"line":146,"column":27},"end":{"line":160,"column":3}},"41":{"start":{"line":147,"column":23},"end":{"line":147,"column":39}},"42":{"start":{"line":149,"column":4},"end":{"line":155,"column":5}},"43":{"start":{"line":149,"column":17},"end":{"line":149,"column":18}},"44":{"start":{"line":150,"column":19},"end":{"line":150,"column":70}},"45":{"start":{"line":151,"column":19},"end":{"line":151,"column":68}},"46":{"start":{"line":153,"column":6},"end":{"line":153,"column":36}},"47":{"start":{"line":154,"column":6},"end":{"line":154,"column":49}},"48":{"start":{"line":157,"column":4},"end":{"line":159,"column":5}},"49":{"start":{"line":158,"column":6},"end":{"line":158,"column":29}},"50":{"start":{"line":176,"column":24},"end":{"line":201,"column":3}},"51":{"start":{"line":177,"column":4},"end":{"line":179,"column":5}},"52":{"start":{"line":178,"column":6},"end":{"line":178,"column":58}},"53":{"start":{"line":180,"column":17},"end":{"line":180,"column":28}},"54":{"start":{"line":181,"column":4},"end":{"line":183,"column":5}},"55":{"start":{"line":182,"column":6},"end":{"line":182,"column":55}},"56":{"start":{"line":185,"column":4},"end":{"line":185,"column":22}},"57":{"start":{"line":187,"column":4},"end":{"line":200,"column":5}},"58":{"start":{"line":188,"column":6},"end":{"line":188,"column":22}},"59":{"start":{"line":189,"column":6},"end":{"line":189,"column":35}},"60":{"start":{"line":190,"column":6},"end":{"line":190,"column":26}},"61":{"start":{"line":191,"column":6},"end":{"line":195,"column":8}},"62":{"start":{"line":197,"column":6},"end":{"line":197,"column":36}},"63":{"start":{"line":198,"column":6},"end":{"line":198,"column":28}},"64":{"start":{"line":199,"column":6},"end":{"line":199,"column":64}},"65":{"start":{"line":208,"column":27},"end":{"line":210,"column":3}},"66":{"start":{"line":209,"column":4},"end":{"line":209,"column":18}},"67":{"start":{"line":217,"column":18},"end":{"line":219,"column":3}},"68":{"start":{"line":218,"column":4},"end":{"line":218,"column":16}},"69":{"start":{"line":226,"column":26},"end":{"line":229,"column":3}},"70":{"start":{"line":227,"column":4},"end":{"line":227,"column":47}},"71":{"start":{"line":227,"column":34},"end":{"line":227,"column":47}},"72":{"start":{"line":228,"column":4},"end":{"line":228,"column":54}},"73":{"start":{"line":228,"column":39},"end":{"line":228,"column":52}},"74":{"start":{"line":238,"column":25},"end":{"line":252,"column":3}},"75":{"start":{"line":240,"column":26},"end":{"line":240,"column":79}},"76":{"start":{"line":240,"column":56},"end":{"line":240,"column":75}},"77":{"start":{"line":242,"column":22},"end":{"line":242,"column":23}},"78":{"start":{"line":243,"column":4},"end":{"line":249,"column":7}},"79":{"start":{"line":244,"column":6},"end":{"line":248,"column":9}},"80":{"start":{"line":245,"column":8},"end":{"line":247,"column":9}},"81":{"start":{"line":246,"column":10},"end":{"line":246,"column":24}},"82":{"start":{"line":251,"column":4},"end":{"line":251,"column":77}},"83":{"start":{"line":254,"column":26},"end":{"line":259,"column":3}},"84":{"start":{"line":255,"column":4},"end":{"line":258,"column":6}},"85":{"start":{"line":261,"column":24},"end":{"line":273,"column":3}},"86":{"start":{"line":262,"column":20},"end":{"line":262,"column":29}},"87":{"start":{"line":264,"column":4},"end":{"line":266,"column":7}},"88":{"start":{"line":265,"column":6},"end":{"line":265,"column":31}},"89":{"start":{"line":268,"column":4},"end":{"line":270,"column":7}},"90":{"start":{"line":269,"column":6},"end":{"line":269,"column":31}},"91":{"start":{"line":272,"column":4},"end":{"line":272,"column":19}},"92":{"start":{"line":275,"column":2},"end":{"line":287,"column":4}}},"fnMap":{"0":{"name":"(anonymous_0)","decl":{"start":{"line":24,"column":25},"end":{"line":24,"column":26}},"loc":{"start":{"line":24,"column":65},"end":{"line":288,"column":1}},"line":24},"1":{"name":"(anonymous_1)","decl":{"start":{"line":25,"column":50},"end":{"line":25,"column":51}},"loc":{"start":{"line":26,"column":4},"end":{"line":26,"column":57}},"line":26},"2":{"name":"(anonymous_2)","decl":{"start":{"line":26,"column":38},"end":{"line":26,"column":39}},"loc":{"start":{"line":26,"column":44},"end":{"line":26,"column":56}},"line":26},"3":{"name":"(anonymous_3)","decl":{"start":{"line":35,"column":19},"end":{"line":35,"column":20}},"loc":{"start":{"line":35,"column":25},"end":{"line":35,"column":30}},"line":35},"4":{"name":"(anonymous_4)","decl":{"start":{"line":37,"column":18},"end":{"line":37,"column":19}},"loc":{"start":{"line":37,"column":24},"end":{"line":37,"column":33}},"line":37},"5":{"name":"(anonymous_5)","decl":{"start":{"line":39,"column":19},"end":{"line":39,"column":20}},"loc":{"start":{"line":39,"column":25},"end":{"line":39,"column":30}},"line":39},"6":{"name":"(anonymous_6)","decl":{"start":{"line":51,"column":20},"end":{"line":51,"column":21}},"loc":{"start":{"line":51,"column":49},"end":{"line":56,"column":3}},"line":51},"7":{"name":"(anonymous_7)","decl":{"start":{"line":69,"column":32},"end":{"line":69,"column":33}},"loc":{"start":{"line":69,"column":61},"end":{"line":93,"column":3}},"line":69},"8":{"name":"(anonymous_8)","decl":{"start":{"line":104,"column":27},"end":{"line":104,"column":28}},"loc":{"start":{"line":104,"column":56},"end":{"line":113,"column":3}},"line":104},"9":{"name":"(anonymous_9)","decl":{"start":{"line":125,"column":23},"end":{"line":125,"column":24}},"loc":{"start":{"line":125,"column":52},"end":{"line":136,"column":3}},"line":125},"10":{"name":"(anonymous_10)","decl":{"start":{"line":146,"column":27},"end":{"line":146,"column":28}},"loc":{"start":{"line":146,"column":56},"end":{"line":160,"column":3}},"line":146},"11":{"name":"(anonymous_11)","decl":{"start":{"line":176,"column":24},"end":{"line":176,"column":25}},"loc":{"start":{"line":176,"column":34},"end":{"line":201,"column":3}},"line":176},"12":{"name":"(anonymous_12)","decl":{"start":{"line":208,"column":27},"end":{"line":208,"column":28}},"loc":{"start":{"line":208,"column":33},"end":{"line":210,"column":3}},"line":208},"13":{"name":"(anonymous_13)","decl":{"start":{"line":217,"column":18},"end":{"line":217,"column":19}},"loc":{"start":{"line":217,"column":24},"end":{"line":219,"column":3}},"line":217},"14":{"name":"(anonymous_14)","decl":{"start":{"line":226,"column":26},"end":{"line":226,"column":27}},"loc":{"start":{"line":226,"column":32},"end":{"line":229,"column":3}},"line":226},"15":{"name":"(anonymous_15)","decl":{"start":{"line":228,"column":29},"end":{"line":228,"column":30}},"loc":{"start":{"line":228,"column":39},"end":{"line":228,"column":52}},"line":228},"16":{"name":"(anonymous_16)","decl":{"start":{"line":238,"column":25},"end":{"line":238,"column":26}},"loc":{"start":{"line":238,"column":31},"end":{"line":252,"column":3}},"line":238},"17":{"name":"(anonymous_17)","decl":{"start":{"line":240,"column":39},"end":{"line":240,"column":40}},"loc":{"start":{"line":240,"column":56},"end":{"line":240,"column":75}},"line":240},"18":{"name":"(anonymous_18)","decl":{"start":{"line":243,"column":18},"end":{"line":243,"column":19}},"loc":{"start":{"line":243,"column":27},"end":{"line":249,"column":5}},"line":243},"19":{"name":"(anonymous_19)","decl":{"start":{"line":244,"column":18},"end":{"line":244,"column":19}},"loc":{"start":{"line":244,"column":28},"end":{"line":248,"column":7}},"line":244},"20":{"name":"(anonymous_20)","decl":{"start":{"line":254,"column":26},"end":{"line":254,"column":27}},"loc":{"start":{"line":254,"column":36},"end":{"line":259,"column":3}},"line":254},"21":{"name":"(anonymous_21)","decl":{"start":{"line":261,"column":24},"end":{"line":261,"column":25}},"loc":{"start":{"line":261,"column":30},"end":{"line":273,"column":3}},"line":261},"22":{"name":"(anonymous_22)","decl":{"start":{"line":264,"column":17},"end":{"line":264,"column":18}},"loc":{"start":{"line":264,"column":31},"end":{"line":266,"column":5}},"line":264},"23":{"name":"(anonymous_23)","decl":{"start":{"line":268,"column":19},"end":{"line":268,"column":20}},"loc":{"start":{"line":268,"column":33},"end":{"line":270,"column":5}},"line":268}},"branchMap":{"0":{"loc":{"start":{"line":24,"column":26},"end":{"line":24,"column":48}},"type":"default-arg","locations":[{"start":{"line":24,"column":38},"end":{"line":24,"column":48}}],"line":24},"1":{"loc":{"start":{"line":24,"column":50},"end":{"line":24,"column":60}},"type":"default-arg","locations":[{"start":{"line":24,"column":58},"end":{"line":24,"column":60}}],"line":24},"2":{"loc":{"start":{"line":70,"column":4},"end":{"line":72,"column":5}},"type":"if","locations":[{"start":{"line":70,"column":4},"end":{"line":72,"column":5}},{"start":{},"end":{}}],"line":70},"3":{"loc":{"start":{"line":79,"column":4},"end":{"line":81,"column":5}},"type":"if","locations":[{"start":{"line":79,"column":4},"end":{"line":81,"column":5}},{"start":{},"end":{}}],"line":79},"4":{"loc":{"start":{"line":83,"column":4},"end":{"line":92,"column":5}},"type":"if","locations":[{"start":{"line":83,"column":4},"end":{"line":92,"column":5}},{"start":{},"end":{}}],"line":83},"5":{"loc":{"start":{"line":84,"column":6},"end":{"line":89,"column":20}},"type":"binary-expr","locations":[{"start":{"line":84,"column":6},"end":{"line":84,"column":26}},{"start":{"line":85,"column":6},"end":{"line":85,"column":26}},{"start":{"line":86,"column":6},"end":{"line":86,"column":11}},{"start":{"line":87,"column":6},"end":{"line":87,"column":20}},{"start":{"line":88,"column":6},"end":{"line":88,"column":11}},{"start":{"line":89,"column":6},"end":{"line":89,"column":20}}],"line":84},"6":{"loc":{"start":{"line":107,"column":4},"end":{"line":109,"column":5}},"type":"if","locations":[{"start":{"line":107,"column":4},"end":{"line":109,"column":5}},{"start":{},"end":{}}],"line":107},"7":{"loc":{"start":{"line":107,"column":8},"end":{"line":107,"column":77}},"type":"binary-expr","locations":[{"start":{"line":107,"column":8},"end":{"line":107,"column":47}},{"start":{"line":107,"column":51},"end":{"line":107,"column":77}}],"line":107},"8":{"loc":{"start":{"line":110,"column":4},"end":{"line":112,"column":5}},"type":"if","locations":[{"start":{"line":110,"column":4},"end":{"line":112,"column":5}},{"start":{},"end":{}}],"line":110},"9":{"loc":{"start":{"line":110,"column":8},"end":{"line":110,"column":75}},"type":"binary-expr","locations":[{"start":{"line":110,"column":8},"end":{"line":110,"column":45}},{"start":{"line":110,"column":49},"end":{"line":110,"column":75}}],"line":110},"10":{"loc":{"start":{"line":129,"column":19},"end":{"line":129,"column":70}},"type":"cond-expr","locations":[{"start":{"line":129,"column":61},"end":{"line":129,"column":66}},{"start":{"line":129,"column":69},"end":{"line":129,"column":70}}],"line":129},"11":{"loc":{"start":{"line":130,"column":19},"end":{"line":130,"column":68}},"type":"cond-expr","locations":[{"start":{"line":130,"column":59},"end":{"line":130,"column":64}},{"start":{"line":130,"column":67},"end":{"line":130,"column":68}}],"line":130},"12":{"loc":{"start":{"line":132,"column":6},"end":{"line":134,"column":7}},"type":"if","locations":[{"start":{"line":132,"column":6},"end":{"line":134,"column":7}},{"start":{},"end":{}}],"line":132},"13":{"loc":{"start":{"line":150,"column":19},"end":{"line":150,"column":70}},"type":"cond-expr","locations":[{"start":{"line":150,"column":61},"end":{"line":150,"column":66}},{"start":{"line":150,"column":69},"end":{"line":150,"column":70}}],"line":150},"14":{"loc":{"start":{"line":151,"column":19},"end":{"line":151,"column":68}},"type":"cond-expr","locations":[{"start":{"line":151,"column":59},"end":{"line":151,"column":64}},{"start":{"line":151,"column":67},"end":{"line":151,"column":68}}],"line":151},"15":{"loc":{"start":{"line":157,"column":4},"end":{"line":159,"column":5}},"type":"if","locations":[{"start":{"line":157,"column":4},"end":{"line":159,"column":5}},{"start":{},"end":{}}],"line":157},"16":{"loc":{"start":{"line":177,"column":4},"end":{"line":179,"column":5}},"type":"if","locations":[{"start":{"line":177,"column":4},"end":{"line":179,"column":5}},{"start":{},"end":{}}],"line":177},"17":{"loc":{"start":{"line":177,"column":8},"end":{"line":177,"column":58}},"type":"binary-expr","locations":[{"start":{"line":177,"column":8},"end":{"line":177,"column":13}},{"start":{"line":177,"column":17},"end":{"line":177,"column":31}},{"start":{"line":177,"column":35},"end":{"line":177,"column":40}},{"start":{"line":177,"column":44},"end":{"line":177,"column":58}}],"line":177},"18":{"loc":{"start":{"line":181,"column":4},"end":{"line":183,"column":5}},"type":"if","locations":[{"start":{"line":181,"column":4},"end":{"line":183,"column":5}},{"start":{},"end":{}}],"line":181},"19":{"loc":{"start":{"line":187,"column":4},"end":{"line":200,"column":5}},"type":"if","locations":[{"start":{"line":187,"column":4},"end":{"line":200,"column":5}},{"start":{"line":196,"column":11},"end":{"line":200,"column":5}}],"line":187},"20":{"loc":{"start":{"line":227,"column":4},"end":{"line":227,"column":47}},"type":"if","locations":[{"start":{"line":227,"column":4},"end":{"line":227,"column":47}},{"start":{},"end":{}}],"line":227},"21":{"loc":{"start":{"line":245,"column":8},"end":{"line":247,"column":9}},"type":"if","locations":[{"start":{"line":245,"column":8},"end":{"line":247,"column":9}},{"start":{},"end":{}}],"line":245},"22":{"loc":{"start":{"line":256,"column":6},"end":{"line":257,"column":44}},"type":"binary-expr","locations":[{"start":{"line":256,"column":6},"end":{"line":256,"column":43}},{"start":{"line":257,"column":6},"end":{"line":257,"column":44}}],"line":256}},"s":{"0":1,"1":46,"2":460,"3":4608,"4":46,"5":46,"6":46,"7":46,"8":17,"9":46,"10":3,"11":46,"12":1,"13":46,"14":40,"15":29,"16":27,"17":26,"18":46,"19":40,"20":1,"21":39,"22":39,"23":1,"24":38,"25":9,"26":46,"27":29,"28":29,"29":1,"30":28,"31":1,"32":46,"33":27,"34":27,"35":27,"36":59,"37":59,"38":59,"39":1,"40":46,"41":26,"42":26,"43":26,"44":58,"45":58,"46":58,"47":58,"48":26,"49":26,"50":46,"51":27,"52":0,"53":27,"54":27,"55":1,"56":26,"57":26,"58":18,"59":18,"60":18,"61":18,"62":8,"63":8,"64":8,"65":46,"66":3,"67":46,"68":1,"69":46,"70":2,"71":0,"72":2,"73":4,"74":46,"75":2,"76":10,"77":2,"78":2,"79":20,"80":200,"81":20,"82":2,"83":46,"84":2,"85":46,"86":1,"87":1,"88":2,"89":1,"90":2,"91":1,"92":46},"f":{"0":46,"1":460,"2":4608,"3":17,"4":3,"5":1,"6":40,"7":40,"8":29,"9":27,"10":26,"11":27,"12":3,"13":1,"14":2,"15":4,"16":2,"17":10,"18":20,"19":200,"20":2,"21":1,"22":2,"23":2},"b":{"0":[0],"1":[0],"2":[1,39],"3":[1,38],"4":[9,29],"5":[38,36,35,33,31,30],"6":[1,28],"7":[29,18],"8":[1,27],"9":[28,11],"10":[37,22],"11":[22,37],"12":[1,58],"13":[37,21],"14":[21,37],"15":[26,0],"16":[0,27],"17":[27,27,27,27],"18":[1,26],"19":[18,8],"20":[0,2],"21":[20,180],"22":[2,2]},"_coverageSchema":"1a1c01bbd47fc00a2c39e90264f33305004495a9","hash":"f1a532944e9a14d6ef0995fa83fefd0903da58fb"}
,"/Users/nicpeterson/repos/js-battleship/src/components/ship.js": {"path":"/Users/nicpeterson/repos/js-battleship/src/components/ship.js","statementMap":{"0":{"start":{"line":13,"column":20},"end":{"line":38,"column":1}},"1":{"start":{"line":14,"column":2},"end":{"line":16,"column":3}},"2":{"start":{"line":15,"column":4},"end":{"line":15,"column":58}},"3":{"start":{"line":18,"column":13},"end":{"line":18,"column":14}},"4":{"start":{"line":20,"column":14},"end":{"line":24,"column":3}},"5":{"start":{"line":21,"column":4},"end":{"line":23,"column":5}},"6":{"start":{"line":22,"column":6},"end":{"line":22,"column":16}},"7":{"start":{"line":26,"column":18},"end":{"line":26,"column":28}},"8":{"start":{"line":26,"column":24},"end":{"line":26,"column":28}},"9":{"start":{"line":28,"column":20},"end":{"line":28,"column":32}},"10":{"start":{"line":28,"column":26},"end":{"line":28,"column":32}},"11":{"start":{"line":30,"column":17},"end":{"line":30,"column":38}},"12":{"start":{"line":30,"column":23},"end":{"line":30,"column":38}},"13":{"start":{"line":32,"column":2},"end":{"line":37,"column":4}}},"fnMap":{"0":{"name":"(anonymous_0)","decl":{"start":{"line":13,"column":20},"end":{"line":13,"column":21}},"loc":{"start":{"line":13,"column":32},"end":{"line":38,"column":1}},"line":13},"1":{"name":"(anonymous_1)","decl":{"start":{"line":20,"column":14},"end":{"line":20,"column":15}},"loc":{"start":{"line":20,"column":20},"end":{"line":24,"column":3}},"line":20},"2":{"name":"(anonymous_2)","decl":{"start":{"line":26,"column":18},"end":{"line":26,"column":19}},"loc":{"start":{"line":26,"column":24},"end":{"line":26,"column":28}},"line":26},"3":{"name":"(anonymous_3)","decl":{"start":{"line":28,"column":20},"end":{"line":28,"column":21}},"loc":{"start":{"line":28,"column":26},"end":{"line":28,"column":32}},"line":28},"4":{"name":"(anonymous_4)","decl":{"start":{"line":30,"column":17},"end":{"line":30,"column":18}},"loc":{"start":{"line":30,"column":23},"end":{"line":30,"column":38}},"line":30}},"branchMap":{"0":{"loc":{"start":{"line":14,"column":2},"end":{"line":16,"column":3}},"type":"if","locations":[{"start":{"line":14,"column":2},"end":{"line":16,"column":3}},{"start":{},"end":{}}],"line":14},"1":{"loc":{"start":{"line":14,"column":6},"end":{"line":14,"column":45}},"type":"binary-expr","locations":[{"start":{"line":14,"column":6},"end":{"line":14,"column":31}},{"start":{"line":14,"column":35},"end":{"line":14,"column":45}}],"line":14},"2":{"loc":{"start":{"line":21,"column":4},"end":{"line":23,"column":5}},"type":"if","locations":[{"start":{"line":21,"column":4},"end":{"line":23,"column":5}},{"start":{},"end":{}}],"line":21}},"s":{"0":1,"1":40,"2":0,"3":40,"4":40,"5":18,"6":18,"7":40,"8":4,"9":40,"10":83,"11":40,"12":25,"13":40},"f":{"0":40,"1":18,"2":4,"3":83,"4":25},"b":{"0":[0,40],"1":[40,40],"2":[18,0]},"_coverageSchema":"1a1c01bbd47fc00a2c39e90264f33305004495a9","hash":"d4b10cc45fabcea7a6a0203d7adb4036f76b20f0"}
,"/Users/nicpeterson/repos/js-battleship/src/helpers/battleships.js": {"path":"/Users/nicpeterson/repos/js-battleship/src/helpers/battleships.js","statementMap":{"0":{"start":{"line":1,"column":27},"end":{"line":7,"column":1}}},"fnMap":{},"branchMap":{},"s":{"0":1},"f":{},"b":{},"_coverageSchema":"1a1c01bbd47fc00a2c39e90264f33305004495a9","hash":"7f065be3fe3778d492d7f1be10d67a83563b990e"}
,"/Users/nicpeterson/repos/js-battleship/src/helpers/cell.js": {"path":"/Users/nicpeterson/repos/js-battleship/src/helpers/cell.js","statementMap":{"0":{"start":{"line":4,"column":26},"end":{"line":8,"column":2}},"1":{"start":{"line":4,"column":33},"end":{"line":8,"column":1}}},"fnMap":{"0":{"name":"(anonymous_0)","decl":{"start":{"line":4,"column":26},"end":{"line":4,"column":27}},"loc":{"start":{"line":4,"column":33},"end":{"line":8,"column":1}},"line":4}},"branchMap":{},"s":{"0":1,"1":4608},"f":{"0":4608},"b":{},"_coverageSchema":"1a1c01bbd47fc00a2c39e90264f33305004495a9","hash":"6c222b145ec9ae84abd6314413fbcbab86809091"}
,"/Users/nicpeterson/repos/js-battleship/src/helpers/constants.js": {"path":"/Users/nicpeterson/repos/js-battleship/src/helpers/constants.js","statementMap":{"0":{"start":{"line":2,"column":26},"end":{"line":7,"column":1}},"1":{"start":{"line":9,"column":28},"end":{"line":12,"column":1}},"2":{"start":{"line":14,"column":26},"end":{"line":14,"column":28}},"3":{"start":{"line":16,"column":30},"end":{"line":26,"column":1}}},"fnMap":{},"branchMap":{},"s":{"0":1,"1":1,"2":1,"3":1},"f":{},"b":{},"_coverageSchema":"1a1c01bbd47fc00a2c39e90264f33305004495a9","hash":"27c9b391ed6b15585d747256e02ce405d3553875"}
}
