TN:
SF:src/battleships.js
FNF:0
FNH:0
DA:1,5
DA:9,5
LF:2
LH:2
BRF:0
BRH:0
end_of_record
TN:
SF:src/game.js
FN:7,(anonymous_0)
FN:18,(anonymous_1)
FN:25,(anonymous_2)
FN:29,(anonymous_3)
FN:33,(anonymous_4)
FN:38,(anonymous_5)
FN:42,(anonymous_6)
FN:58,(anonymous_7)
FN:62,(anonymous_8)
FN:72,(anonymous_9)
FN:76,(anonymous_10)
FNF:11
FNH:7
FNDA:6,(anonymous_0)
FNDA:2,(anonymous_1)
FNDA:2,(anonymous_2)
FNDA:2,(anonymous_3)
FNDA:2,(anonymous_4)
FNDA:0,(anonymous_5)
FNDA:6,(anonymous_6)
FNDA:0,(anonymous_7)
FNDA:6,(anonymous_8)
FNDA:0,(anonymous_9)
FNDA:0,(anonymous_10)
DA:7,1
DA:12,6
DA:13,6
DA:18,6
DA:19,2
DA:22,2
DA:25,6
DA:26,2
DA:29,6
DA:30,2
DA:33,6
DA:34,2
DA:38,6
DA:39,0
DA:42,6
DA:45,6
DA:46,6
DA:47,6
DA:48,6
DA:49,6
DA:51,6
DA:52,6
DA:53,6
DA:54,6
DA:55,6
DA:58,6
DA:59,0
DA:62,6
DA:63,6
DA:65,6
DA:66,6
DA:67,6
DA:69,6
DA:72,6
DA:73,0
DA:76,6
DA:77,0
DA:80,6
LF:38
LH:34
BRDA:20,0,0,2
BRDA:20,0,1,1
BRDA:73,1,0,0
BRDA:73,1,1,0
BRF:4
BRH:2
end_of_record
TN:
SF:src/gameboard.js
FN:3,(anonymous_0)
FN:7,(anonymous_1)
FN:13,(anonymous_2)
FN:15,(anonymous_3)
FN:31,(anonymous_4)
FN:50,(anonymous_5)
FN:61,(anonymous_6)
FN:66,(anonymous_7)
FN:69,(anonymous_8)
FN:78,(anonymous_9)
FN:82,(anonymous_10)
FN:84,(anonymous_11)
FN:104,(anonymous_12)
FN:105,(anonymous_13)
FN:108,(anonymous_14)
FN:110,(anonymous_15)
FN:112,(anonymous_16)
FN:114,(anonymous_17)
FN:116,(anonymous_18)
FN:120,(anonymous_19)
FN:131,(anonymous_20)
FNF:21
FNH:21
FNDA:51,(anonymous_0)
FNDA:510,(anonymous_1)
FNDA:5,(anonymous_2)
FNDA:25,(anonymous_3)
FNDA:128,(anonymous_4)
FNDA:410,(anonymous_5)
FNDA:325,(anonymous_6)
FNDA:297,(anonymous_7)
FNDA:297,(anonymous_8)
FNDA:9,(anonymous_9)
FNDA:20,(anonymous_10)
FNDA:17,(anonymous_11)
FNDA:5,(anonymous_12)
FNDA:10,(anonymous_13)
FNDA:7,(anonymous_14)
FNDA:3,(anonymous_15)
FNDA:7,(anonymous_16)
FNDA:17,(anonymous_17)
FNDA:1,(anonymous_18)
FNDA:2,(anonymous_19)
FNDA:13,(anonymous_20)
DA:3,5
DA:4,51
DA:5,51
DA:7,510
DA:8,51
DA:9,51
DA:10,51
DA:11,51
DA:13,51
DA:14,5
DA:15,25
DA:19,5
DA:20,5
DA:21,50
DA:22,500
DA:23,54
DA:28,5
DA:31,51
DA:32,128
DA:33,128
DA:34,128
DA:36,128
DA:37,65
DA:38,217
DA:40,63
DA:41,62
DA:42,210
DA:45,1
DA:49,127
DA:51,410
DA:52,410
DA:55,22
DA:61,325
DA:62,16
DA:66,297
DA:69,89
DA:70,297
DA:71,297
DA:75,89
DA:78,51
DA:79,9
DA:82,51
DA:84,51
DA:85,17
DA:87,17
DA:88,2
DA:91,15
DA:92,1
DA:95,14
DA:96,14
DA:97,9
DA:99,5
DA:101,14
DA:104,51
DA:105,10
DA:108,51
DA:110,51
DA:112,51
DA:114,51
DA:116,51
DA:117,1
DA:120,51
DA:121,2
DA:122,11
DA:123,101
DA:124,1
DA:128,1
DA:131,51
DA:132,13
DA:133,13
DA:134,130
DA:135,1300
DA:137,130
DA:139,13
DA:142,51
LF:75
LH:75
BRDA:22,0,0,54
BRDA:22,0,1,446
BRDA:36,1,0,65
BRDA:36,1,1,63
BRDA:40,2,0,62
BRDA:40,2,1,1
BRDA:49,3,0,22
BRDA:49,3,1,105
BRDA:52,4,0,410
BRDA:52,4,1,410
BRDA:52,4,2,398
BRDA:52,4,3,398
BRDA:61,5,0,16
BRDA:61,5,1,89
BRDA:87,6,0,2
BRDA:87,6,1,15
BRDA:87,7,0,17
BRDA:87,7,1,17
BRDA:87,7,2,15
BRDA:87,7,3,15
BRDA:91,8,0,1
BRDA:91,8,1,14
BRDA:96,9,0,9
BRDA:96,9,1,5
BRDA:123,10,0,1
BRDA:123,10,1,100
BRDA:135,11,0,207
BRDA:135,11,1,1093
BRF:28
BRH:28
end_of_record
TN:
SF:src/helper.js
FN:4,(anonymous_0)
FNF:1
FNH:1
FNDA:15,(anonymous_0)
DA:4,3
DA:5,15
DA:6,15
DA:8,15
DA:10,75
DA:12,75
DA:14,110
DA:15,110
DA:17,110
DA:19,110
DA:22,110
DA:23,110
DA:24,75
LF:13
LH:13
BRF:0
BRH:0
end_of_record
TN:
SF:src/player.js
FN:1,(anonymous_0)
FN:2,(anonymous_1)
FN:13,(anonymous_2)
FN:15,(anonymous_3)
FN:17,(anonymous_4)
FN:19,(anonymous_5)
FNF:6
FNH:6
FNDA:20,(anonymous_0)
FNDA:5,(anonymous_1)
FNDA:9,(anonymous_2)
FNDA:2,(anonymous_3)
FNDA:2,(anonymous_4)
FNDA:1,(anonymous_5)
DA:1,2
DA:2,20
DA:3,5
DA:4,5
DA:6,5
DA:7,1
DA:10,4
DA:13,20
DA:15,20
DA:17,20
DA:19,20
DA:21,1
DA:23,1
DA:24,2
DA:25,2
DA:27,1
DA:30,20
LF:17
LH:17
BRDA:6,0,0,1
BRDA:6,0,1,4
BRF:2
BRH:2
end_of_record
TN:
SF:src/ship.js
FN:1,(anonymous_0)
FN:4,(anonymous_1)
FN:8,(anonymous_2)
FN:10,(anonymous_3)
FN:12,(anonymous_4)
FN:14,(anonymous_5)
FN:16,(anonymous_6)
FNF:7
FNH:7
FNDA:134,(anonymous_0)
FNDA:32,(anonymous_1)
FNDA:3,(anonymous_2)
FNDA:151,(anonymous_3)
FNDA:136,(anonymous_4)
FNDA:26,(anonymous_5)
FNDA:12,(anonymous_6)
DA:1,5
DA:2,134
DA:4,134
DA:5,32
DA:8,134
DA:10,151
DA:12,136
DA:14,134
DA:16,134
DA:18,134
LF:10
LH:10
BRF:0
BRH:0
end_of_record
