TN:
SF:src/battleships.js
FNF:0
FNH:0
DA:1,1
LF:1
LH:1
BRF:0
BRH:0
end_of_record
TN:
SF:src/cell.js
FN:4,(anonymous_0)
FNF:1
FNH:1
FNDA:3200,(anonymous_0)
DA:4,3200
LF:1
LH:1
BRF:0
BRH:0
end_of_record
TN:
SF:src/constants.js
FNF:0
FNH:0
DA:2,1
DA:9,1
DA:14,1
LF:3
LH:3
BRF:0
BRH:0
end_of_record
TN:
SF:src/gameboard.js
FN:9,(anonymous_0)
FN:11,(anonymous_1)
FN:13,(anonymous_2)
FN:14,(anonymous_3)
FN:19,(anonymous_4)
FN:21,(anonymous_5)
FN:63,(anonymous_6)
FN:82,(anonymous_7)
FN:84,(anonymous_8)
FN:85,(anonymous_9)
FN:94,(anonymous_10)
FN:96,(anonymous_11)
FN:97,(anonymous_12)
FN:106,(anonymous_13)
FN:107,(anonymous_14)
FN:110,(anonymous_15)
FN:113,(anonymous_16)
FN:118,(anonymous_17)
FN:119,(anonymous_18)
FNF:19
FNH:18
FNDA:0,(anonymous_0)
FNDA:32,(anonymous_1)
FNDA:320,(anonymous_2)
FNDA:3200,(anonymous_3)
FNDA:14,(anonymous_4)
FNDA:35,(anonymous_5)
FNDA:22,(anonymous_6)
FNDA:3,(anonymous_7)
FNDA:30,(anonymous_8)
FNDA:300,(anonymous_9)
FNDA:1,(anonymous_10)
FNDA:10,(anonymous_11)
FNDA:100,(anonymous_12)
FNDA:2,(anonymous_13)
FNDA:4,(anonymous_14)
FNDA:2,(anonymous_15)
FNDA:10,(anonymous_16)
FNDA:20,(anonymous_17)
FNDA:200,(anonymous_18)
DA:5,1
DA:6,1
DA:7,1
DA:9,1
DA:11,1
DA:12,32
DA:13,32
DA:14,3200
DA:17,32
DA:19,32
DA:21,32
DA:22,35
DA:23,35
DA:25,35
DA:26,1
DA:29,34
DA:30,6
DA:34,28
DA:35,1
DA:37,27
DA:38,1
DA:42,26
DA:43,57
DA:44,57
DA:46,57
DA:47,1
DA:52,25
DA:53,56
DA:54,56
DA:56,56
DA:57,56
DA:60,25
DA:63,32
DA:64,22
DA:66,22
DA:67,1
DA:70,21
DA:72,21
DA:73,16
DA:74,16
DA:75,16
DA:77,5
DA:78,5
DA:82,32
DA:83,3
DA:84,3
DA:85,30
DA:86,300
DA:87,4
DA:91,3
DA:94,32
DA:95,1
DA:96,1
DA:97,10
DA:98,100
DA:99,2
DA:103,1
DA:106,32
DA:107,4
DA:110,32
DA:112,2
DA:113,10
DA:117,2
DA:118,2
DA:119,20
DA:120,200
DA:121,20
DA:126,2
DA:129,32
LF:69
LH:69
BRDA:25,0,0,1
BRDA:25,0,1,34
BRDA:29,1,0,6
BRDA:29,1,1,28
BRDA:29,2,0,34
BRDA:29,2,1,32
BRDA:29,2,2,30
BRDA:29,2,3,29
BRDA:34,3,0,1
BRDA:34,3,1,27
BRDA:34,4,0,28
BRDA:34,4,1,17
BRDA:37,5,0,1
BRDA:37,5,1,26
BRDA:37,6,0,27
BRDA:37,6,1,11
BRDA:43,7,0,35
BRDA:43,7,1,22
BRDA:44,8,0,22
BRDA:44,8,1,35
BRDA:46,9,0,1
BRDA:46,9,1,56
BRDA:53,10,0,35
BRDA:53,10,1,21
BRDA:54,11,0,21
BRDA:54,11,1,35
BRDA:66,12,0,1
BRDA:66,12,1,21
BRDA:72,13,0,16
BRDA:72,13,1,5
BRDA:86,14,0,4
BRDA:86,14,1,296
BRDA:98,15,0,2
BRDA:98,15,1,98
BRDA:120,16,0,20
BRDA:120,16,1,180
BRF:36
BRH:36
end_of_record
TN:
SF:src/helper.js
FNF:0
FNH:0
LF:0
LH:0
BRF:0
BRH:0
end_of_record
TN:
SF:src/ship.js
FN:1,(anonymous_0)
FN:8,(anonymous_1)
FN:12,(anonymous_2)
FN:14,(anonymous_3)
FN:16,(anonymous_4)
FNF:5
FNH:5
FNDA:36,(anonymous_0)
FNDA:16,(anonymous_1)
FNDA:4,(anonymous_2)
FNDA:35,(anonymous_3)
FNDA:23,(anonymous_4)
DA:1,1
DA:2,36
DA:3,0
DA:6,36
DA:8,36
DA:9,16
DA:12,36
DA:14,36
DA:16,36
DA:18,36
LF:10
LH:9
BRDA:2,0,0,0
BRDA:2,0,1,36
BRDA:2,1,0,36
BRDA:2,1,1,36
BRDA:9,2,0,16
BRDA:9,2,1,0
BRF:6
BRH:4
end_of_record
